<?xml version="1.0" encoding="UTF-8"?>
<robot generator="Robot 7.1 (Python 3.12.7 on win32)" generated="2024-10-28T19:09:45.737708" rpa="false" schemaversion="5">
<suite id="s1" name="testCases endToEnd" source="C:\Users\legue\Desktop\Portfolio\GitHub\swaglabs\testCases_endToEnd.robot">
<test id="s1-t1" name="Cas de test n°15 : Parcours utilisateur end-to-end" line="30">
<kw name="Précondition" type="SETUP">
<kw name="Log" owner="BuiltIn">
<msg time="2024-10-28T19:09:45.906941" level="INFO">Lancer le navigateur et accéder à l'URL</msg>
<arg>Lancer le navigateur et accéder à l'URL</arg>
<doc>Logs the given message with the given level.</doc>
<status status="PASS" start="2024-10-28T19:09:45.906941" elapsed="0.000000"/>
</kw>
<kw name="Open Browser" owner="SeleniumLibrary">
<msg time="2024-10-28T19:09:45.906941" level="INFO">Opening browser 'chrome' to base url 'https://saucedemo.com/'.</msg>
<arg>${url}</arg>
<arg>${browser}</arg>
<doc>Opens a new browser instance to the optional ``url``.</doc>
<status status="PASS" start="2024-10-28T19:09:45.906941" elapsed="1.605569"/>
</kw>
<kw name="Set Browser Implicit Wait" owner="SeleniumLibrary">
<arg>2</arg>
<doc>Sets the implicit wait value used by Selenium.</doc>
<status status="PASS" start="2024-10-28T19:09:47.512510" elapsed="0.002289"/>
</kw>
<kw name="Maximize Browser Window" owner="SeleniumLibrary">
<doc>Maximizes current browser window.</doc>
<status status="PASS" start="2024-10-28T19:09:47.514799" elapsed="0.063397"/>
</kw>
<kw name="Click Element" owner="SeleniumLibrary">
<msg time="2024-10-28T19:09:47.582891" level="INFO">Clicking element '//input[@id='user-name']'.</msg>
<arg>//input[@id='user-name']</arg>
<doc>Click the element identified by ``locator``.</doc>
<status status="PASS" start="2024-10-28T19:09:47.579193" elapsed="0.105816"/>
</kw>
<kw name="Input Text" owner="SeleniumLibrary">
<msg time="2024-10-28T19:09:47.685009" level="INFO">Typing text 'standard_user' into text field 'id:user-name'.</msg>
<arg>id:user-name</arg>
<arg>${username}</arg>
<doc>Types the given ``text`` into the text field identified by ``locator``.</doc>
<status status="PASS" start="2024-10-28T19:09:47.685009" elapsed="0.153049"/>
</kw>
<kw name="Click Element" owner="SeleniumLibrary">
<msg time="2024-10-28T19:09:47.838058" level="INFO">Clicking element '//input[@id='password']'.</msg>
<arg>//input[@id='password']</arg>
<doc>Click the element identified by ``locator``.</doc>
<status status="PASS" start="2024-10-28T19:09:47.838058" elapsed="0.033035"/>
</kw>
<kw name="Input Text" owner="SeleniumLibrary">
<msg time="2024-10-28T19:09:47.871093" level="INFO">Typing text 'secret_sauce' into text field 'id:password'.</msg>
<arg>id:password</arg>
<arg>${password}</arg>
<doc>Types the given ``text`` into the text field identified by ``locator``.</doc>
<status status="PASS" start="2024-10-28T19:09:47.871093" elapsed="0.063986"/>
</kw>
<kw name="Click Button" owner="SeleniumLibrary">
<msg time="2024-10-28T19:09:47.935079" level="INFO">Clicking button '//input[@id='login-button']'.</msg>
<arg>//input[@id='login-button']</arg>
<doc>Clicks the button identified by ``locator``.</doc>
<status status="PASS" start="2024-10-28T19:09:47.935079" elapsed="0.067880"/>
</kw>
<status status="PASS" start="2024-10-28T19:09:45.905907" elapsed="2.097052"/>
</kw>
<kw name="Click Element" owner="SeleniumLibrary">
<msg time="2024-10-28T19:09:48.003956" level="INFO">Clicking element '//div[@data-test='inventory-item-name' and text()='Sauce Labs Backpack']'.</msg>
<arg>//div[@data-test='inventory-item-name' and text()='Sauce Labs Backpack']</arg>
<doc>Click the element identified by ``locator``.</doc>
<status status="PASS" start="2024-10-28T19:09:48.002959" elapsed="0.078681"/>
</kw>
<kw name="Click Button" owner="SeleniumLibrary">
<msg time="2024-10-28T19:09:48.082634" level="INFO">Clicking button '//*[@data-test='add-to-cart']'.</msg>
<arg>//*[@data-test='add-to-cart']</arg>
<doc>Clicks the button identified by ``locator``.</doc>
<status status="PASS" start="2024-10-28T19:09:48.082634" elapsed="0.065377"/>
</kw>
<kw name="Click Element" owner="SeleniumLibrary">
<msg time="2024-10-28T19:09:48.148011" level="INFO">Clicking element '//*[@data-test='shopping-cart-link']'.</msg>
<arg>//*[@data-test='shopping-cart-link']</arg>
<doc>Click the element identified by ``locator``.</doc>
<status status="PASS" start="2024-10-28T19:09:48.148011" elapsed="0.047119"/>
</kw>
<kw name="Click Element" owner="SeleniumLibrary">
<msg time="2024-10-28T19:09:48.196117" level="INFO">Clicking element '//*[@data-test='checkout']'.</msg>
<arg>//*[@data-test='checkout']</arg>
<doc>Click the element identified by ``locator``.</doc>
<status status="PASS" start="2024-10-28T19:09:48.195130" elapsed="0.037949"/>
</kw>
<kw name="Click Element" owner="SeleniumLibrary">
<msg time="2024-10-28T19:09:48.234077" level="INFO">Clicking element '//*[@data-test='firstName']'.</msg>
<arg>//*[@data-test='firstName']</arg>
<doc>Click the element identified by ``locator``.</doc>
<status status="PASS" start="2024-10-28T19:09:48.234077" elapsed="0.043438"/>
</kw>
<kw name="Input Text" owner="SeleniumLibrary">
<msg time="2024-10-28T19:09:48.277515" level="INFO">Typing text 'Pierre' into text field '//*[@data-test='firstName']'.</msg>
<arg>//*[@data-test='firstName']</arg>
<arg>${firstName}</arg>
<doc>Types the given ``text`` into the text field identified by ``locator``.</doc>
<status status="PASS" start="2024-10-28T19:09:48.277515" elapsed="0.049078"/>
</kw>
<kw name="Click Element" owner="SeleniumLibrary">
<msg time="2024-10-28T19:09:48.326593" level="INFO">Clicking element '//*[@data-test='lastName']'.</msg>
<arg>//*[@data-test='lastName']</arg>
<doc>Click the element identified by ``locator``.</doc>
<status status="PASS" start="2024-10-28T19:09:48.326593" elapsed="0.030792"/>
</kw>
<kw name="Input Text" owner="SeleniumLibrary">
<msg time="2024-10-28T19:09:48.357385" level="INFO">Typing text 'Le Guennec' into text field '//*[@data-test='lastName']'.</msg>
<arg>//*[@data-test='lastName']</arg>
<arg>${lastName}</arg>
<doc>Types the given ``text`` into the text field identified by ``locator``.</doc>
<status status="PASS" start="2024-10-28T19:09:48.357385" elapsed="0.058879"/>
</kw>
<kw name="Click Element" owner="SeleniumLibrary">
<msg time="2024-10-28T19:09:48.416264" level="INFO">Clicking element '//*[@data-test='postalCode']'.</msg>
<arg>//*[@data-test='postalCode']</arg>
<doc>Click the element identified by ``locator``.</doc>
<status status="PASS" start="2024-10-28T19:09:48.416264" elapsed="0.032001"/>
</kw>
<kw name="Input Text" owner="SeleniumLibrary">
<msg time="2024-10-28T19:09:48.448265" level="INFO">Typing text 'Le Guennec' into text field '//*[@data-test='postalCode']'.</msg>
<arg>//*[@data-test='postalCode']</arg>
<arg>${lastName}</arg>
<doc>Types the given ``text`` into the text field identified by ``locator``.</doc>
<status status="PASS" start="2024-10-28T19:09:48.448265" elapsed="0.059320"/>
</kw>
<kw name="Click Button" owner="SeleniumLibrary">
<msg time="2024-10-28T19:09:48.507585" level="INFO">Clicking button '//*[@data-test='continue']'.</msg>
<arg>//*[@data-test='continue']</arg>
<doc>Clicks the button identified by ``locator``.</doc>
<status status="PASS" start="2024-10-28T19:09:48.507585" elapsed="0.049969"/>
</kw>
<kw name="Click Button" owner="SeleniumLibrary">
<msg time="2024-10-28T19:09:48.557554" level="INFO">Clicking button '//*[@data-test='finish']'.</msg>
<arg>//*[@data-test='finish']</arg>
<doc>Clicks the button identified by ``locator``.</doc>
<status status="PASS" start="2024-10-28T19:09:48.557554" elapsed="0.054742"/>
</kw>
<kw name="Page Should Contain" owner="SeleniumLibrary">
<msg time="2024-10-28T19:09:48.625310" level="INFO">Current page contains text 'Thank you for your order!'.</msg>
<arg>Thank you for your order!</arg>
<doc>Verifies that current page contains ``text``.</doc>
<status status="PASS" start="2024-10-28T19:09:48.613291" elapsed="0.012019"/>
</kw>
<status status="PASS" start="2024-10-28T19:09:45.905907" elapsed="2.720401"/>
</test>
<kw name="Close Browser" owner="SeleniumLibrary" type="TEARDOWN">
<doc>Closes the current browser.</doc>
<status status="PASS" start="2024-10-28T19:09:48.628302" elapsed="2.264711"/>
</kw>
<status status="PASS" start="2024-10-28T19:09:45.740214" elapsed="5.152799"/>
</suite>
<statistics>
<total>
<stat pass="1" fail="0" skip="0">All Tests</stat>
</total>
<tag>
</tag>
<suite>
<stat pass="1" fail="0" skip="0" id="s1" name="testCases endToEnd">testCases endToEnd</stat>
</suite>
</statistics>
<errors>
</errors>
</robot>
