<?xml version="1.0" encoding="UTF-8"?>
<robot generator="Robot 7.1 (Python 3.12.7 on win32)" generated="2024-11-05T18:01:03.947979" rpa="false" schemaversion="5">
<suite id="s1" name="testCases automationExercices" source="C:\Users\legue\Desktop\Portfolio\GitHub\automationExercice\testCases_automationExercices.robot">
<test id="s1-t1" name="Test Case 1: Register User" line="39">
<kw name="Précondition" type="SETUP">
<kw name="Log" owner="BuiltIn">
<msg time="2024-11-05T18:01:04.235934" level="INFO">Lancer le navigateur et accéder à l'URL</msg>
<arg>Lancer le navigateur et accéder à l'URL</arg>
<doc>Logs the given message with the given level.</doc>
<status status="PASS" start="2024-11-05T18:01:04.235934" elapsed="0.000000"/>
</kw>
<kw name="Open Browser" owner="SeleniumLibrary">
<msg time="2024-11-05T18:01:04.236932" level="INFO">Opening browser 'chrome' to base url 'https://automationexercise.com/'.</msg>
<arg>${url}</arg>
<arg>${browser}</arg>
<doc>Opens a new browser instance to the optional ``url``.</doc>
<status status="PASS" start="2024-11-05T18:01:04.236932" elapsed="3.797851"/>
</kw>
<kw name="Click Button" owner="SeleniumLibrary">
<msg time="2024-11-05T18:01:08.036776" level="INFO">Clicking button '//*[@class="fc-button fc-cta-consent fc-primary-button"]'.</msg>
<arg>//*[@class="fc-button fc-cta-consent fc-primary-button"]</arg>
<doc>Clicks the button identified by ``locator``.</doc>
<status status="PASS" start="2024-11-05T18:01:08.035830" elapsed="0.140652"/>
</kw>
<kw name="Maximize Browser Window" owner="SeleniumLibrary">
<doc>Maximizes current browser window.</doc>
<status status="PASS" start="2024-11-05T18:01:08.177478" elapsed="0.054057"/>
</kw>
<status status="PASS" start="2024-11-05T18:01:04.235934" elapsed="3.996638"/>
</kw>
<kw name="Click Element" owner="SeleniumLibrary">
<msg time="2024-11-05T18:01:08.232572" level="INFO">Clicking element '//*[@class='nav navbar-nav']/ancestor::div[@class='shop-menu pull-right']//a[contains(text(),'Signup / Login')]'.</msg>
<arg>//*[@class='nav navbar-nav']/ancestor::div[@class='shop-menu pull-right']//a[contains(text(),'Signup / Login')]</arg>
<doc>Click the element identified by ``locator``.</doc>
<status status="PASS" start="2024-11-05T18:01:08.232572" elapsed="1.912700"/>
</kw>
<kw name="Wait Until Page Contains" owner="SeleniumLibrary">
<arg>New User Signup!</arg>
<doc>Waits until ``text`` appears on the current page.</doc>
<status status="PASS" start="2024-11-05T18:01:10.145272" elapsed="0.022112"/>
</kw>
<kw name="Click Element" owner="SeleniumLibrary">
<msg time="2024-11-05T18:01:10.168380" level="INFO">Clicking element 'xpath://*[@data-qa='signup-name']'.</msg>
<arg>xpath://*[@data-qa='signup-name']</arg>
<doc>Click the element identified by ``locator``.</doc>
<status status="PASS" start="2024-11-05T18:01:10.168380" elapsed="0.293087"/>
</kw>
<kw name="Input Text" owner="SeleniumLibrary">
<msg time="2024-11-05T18:01:10.461975" level="INFO">Typing text 'Le Guennec' into text field 'xpath://input[@data-qa='signup-name']'.</msg>
<arg>xpath://input[@data-qa='signup-name']</arg>
<arg>${signup-name}</arg>
<doc>Types the given ``text`` into the text field identified by ``locator``.</doc>
<status status="PASS" start="2024-11-05T18:01:10.461975" elapsed="0.124235"/>
</kw>
<kw name="Generate Fake Email" owner="email_generator">
<msg time="2024-11-05T18:01:10.588501" level="INFO">${signup-email} = dw63rb420w@example.com</msg>
<var>${signup-email}</var>
<doc>Génère une adresse email fictive.</doc>
<status status="PASS" start="2024-11-05T18:01:10.587504" elapsed="0.000997"/>
</kw>
<kw name="Click Element" owner="SeleniumLibrary">
<msg time="2024-11-05T18:01:10.589019" level="INFO">Clicking element 'xpath://*[@data-qa='signup-email']'.</msg>
<arg>xpath://*[@data-qa='signup-email']</arg>
<doc>Click the element identified by ``locator``.</doc>
<status status="PASS" start="2024-11-05T18:01:10.589019" elapsed="0.064549"/>
</kw>
<kw name="Input Text" owner="SeleniumLibrary">
<msg time="2024-11-05T18:01:10.653568" level="INFO">Typing text 'dw63rb420w@example.com' into text field 'xpath://input[@data-qa='signup-email']'.</msg>
<arg>xpath://input[@data-qa='signup-email']</arg>
<arg>${signup-email}</arg>
<doc>Types the given ``text`` into the text field identified by ``locator``.</doc>
<status status="PASS" start="2024-11-05T18:01:10.653568" elapsed="0.246113"/>
</kw>
<kw name="Click Element" owner="SeleniumLibrary">
<msg time="2024-11-05T18:01:10.901264" level="INFO">Clicking element 'xpath://button[@data-qa='signup-button']'.</msg>
<arg>xpath://button[@data-qa='signup-button']</arg>
<doc>Click the element identified by ``locator``.</doc>
<status status="PASS" start="2024-11-05T18:01:10.901264" elapsed="1.928408"/>
</kw>
<kw name="Page Should Contain" owner="SeleniumLibrary">
<msg time="2024-11-05T18:01:12.879236" level="INFO">Current page contains text 'Enter Account Information'.</msg>
<arg>Enter Account Information</arg>
<doc>Verifies that current page contains ``text``.</doc>
<status status="PASS" start="2024-11-05T18:01:12.829672" elapsed="0.049564"/>
</kw>
<kw name="Click Element" owner="SeleniumLibrary">
<msg time="2024-11-05T18:01:12.881231" level="INFO">Clicking element 'xpath://*[@data-qa='password']'.</msg>
<arg>xpath://*[@data-qa='password']</arg>
<doc>Click the element identified by ``locator``.</doc>
<status status="PASS" start="2024-11-05T18:01:12.880232" elapsed="0.217066"/>
</kw>
<kw name="Input Text" owner="SeleniumLibrary">
<msg time="2024-11-05T18:01:13.098294" level="INFO">Typing text 'password' into text field 'xpath://input[@data-qa='password']'.</msg>
<arg>xpath://input[@data-qa='password']</arg>
<arg>${password}</arg>
<doc>Types the given ``text`` into the text field identified by ``locator``.</doc>
<status status="PASS" start="2024-11-05T18:01:13.097298" elapsed="0.134129"/>
</kw>
<kw name="Click Element" owner="SeleniumLibrary">
<msg time="2024-11-05T18:01:13.232430" level="INFO">Clicking element '//input[@type="checkbox" and @name='newsletter']'.</msg>
<arg>//input[@type="checkbox" and @name='newsletter']</arg>
<doc>Click the element identified by ``locator``.</doc>
<status status="PASS" start="2024-11-05T18:01:13.232430" elapsed="0.091630"/>
</kw>
<kw name="Click Element" owner="SeleniumLibrary">
<msg time="2024-11-05T18:01:13.325056" level="INFO">Clicking element '//input[@type='checkbox' and @name='optin']'.</msg>
<arg>//input[@type='checkbox' and @name='optin']</arg>
<doc>Click the element identified by ``locator``.</doc>
<status status="PASS" start="2024-11-05T18:01:13.324060" elapsed="0.075483"/>
</kw>
<kw name="Click Element" owner="SeleniumLibrary">
<msg time="2024-11-05T18:01:13.401537" level="INFO">Clicking element '//input[@type='radio' and @id='id_gender1']'.</msg>
<arg>//input[@type='radio' and @id='id_gender1']</arg>
<doc>Click the element identified by ``locator``.</doc>
<status status="PASS" start="2024-11-05T18:01:13.400542" elapsed="0.046110"/>
</kw>
<kw name="Click Element" owner="SeleniumLibrary">
<msg time="2024-11-05T18:01:13.447641" level="INFO">Clicking element 'xpath://*[@data-qa='first_name']'.</msg>
<arg>xpath://*[@data-qa='first_name']</arg>
<doc>Click the element identified by ``locator``.</doc>
<status status="PASS" start="2024-11-05T18:01:13.447641" elapsed="0.066186"/>
</kw>
<kw name="Input Text" owner="SeleniumLibrary">
<msg time="2024-11-05T18:01:13.515827" level="INFO">Typing text 'Pierre' into text field 'xpath://input[@data-qa='first_name']'.</msg>
<arg>xpath://input[@data-qa='first_name']</arg>
<arg>${first_name}</arg>
<doc>Types the given ``text`` into the text field identified by ``locator``.</doc>
<status status="PASS" start="2024-11-05T18:01:13.514831" elapsed="0.111957"/>
</kw>
<kw name="Click Element" owner="SeleniumLibrary">
<msg time="2024-11-05T18:01:13.627785" level="INFO">Clicking element 'xpath://*[@data-qa='last_name']'.</msg>
<arg>xpath://*[@data-qa='last_name']</arg>
<doc>Click the element identified by ``locator``.</doc>
<status status="PASS" start="2024-11-05T18:01:13.627785" elapsed="0.079056"/>
</kw>
<kw name="Input Text" owner="SeleniumLibrary">
<msg time="2024-11-05T18:01:13.707838" level="INFO">Typing text 'Le Guennec' into text field 'xpath://input[@data-qa='last_name']'.</msg>
<arg>xpath://input[@data-qa='last_name']</arg>
<arg>${last_name}</arg>
<doc>Types the given ``text`` into the text field identified by ``locator``.</doc>
<status status="PASS" start="2024-11-05T18:01:13.707838" elapsed="0.135947"/>
</kw>
<kw name="Scroll Element Into View" owner="SeleniumLibrary">
<arg>xpath://*[@id='susbscribe_email']</arg>
<doc>Scrolls the element identified by ``locator`` into view.</doc>
<status status="PASS" start="2024-11-05T18:01:13.844783" elapsed="0.286652"/>
</kw>
<kw name="Click Element" owner="SeleniumLibrary">
<msg time="2024-11-05T18:01:14.131435" level="INFO">Clicking element 'xpath://*[@data-qa='company']'.</msg>
<arg>xpath://*[@data-qa='company']</arg>
<doc>Click the element identified by ``locator``.</doc>
<status status="PASS" start="2024-11-05T18:01:14.131435" elapsed="0.084417"/>
</kw>
<kw name="Input Text" owner="SeleniumLibrary">
<msg time="2024-11-05T18:01:14.216847" level="INFO">Typing text 'Company Corp' into text field 'xpath://input[@data-qa='company']'.</msg>
<arg>xpath://input[@data-qa='company']</arg>
<arg>${company}</arg>
<doc>Types the given ``text`` into the text field identified by ``locator``.</doc>
<status status="PASS" start="2024-11-05T18:01:14.216847" elapsed="0.191653"/>
</kw>
<kw name="Click Element" owner="SeleniumLibrary">
<msg time="2024-11-05T18:01:14.409493" level="INFO">Clicking element 'xpath://*[@data-qa='address']'.</msg>
<arg>xpath://*[@data-qa='address']</arg>
<doc>Click the element identified by ``locator``.</doc>
<status status="PASS" start="2024-11-05T18:01:14.409493" elapsed="0.054750"/>
</kw>
<kw name="Input Text" owner="SeleniumLibrary">
<msg time="2024-11-05T18:01:14.465246" level="INFO">Typing text '454 rue Pierre Le Guennec' into text field 'xpath://input[@data-qa='address']'.</msg>
<arg>xpath://input[@data-qa='address']</arg>
<arg>${address}</arg>
<doc>Types the given ``text`` into the text field identified by ``locator``.</doc>
<status status="PASS" start="2024-11-05T18:01:14.464243" elapsed="0.150497"/>
</kw>
<kw name="Click Element" owner="SeleniumLibrary">
<msg time="2024-11-05T18:01:14.615735" level="INFO">Clicking element 'xpath://*[@data-qa='address2']'.</msg>
<arg>xpath://*[@data-qa='address2']</arg>
<doc>Click the element identified by ``locator``.</doc>
<status status="PASS" start="2024-11-05T18:01:14.615735" elapsed="0.059074"/>
</kw>
<kw name="Input Text" owner="SeleniumLibrary">
<msg time="2024-11-05T18:01:14.675804" level="INFO">Typing text 'Appt 404' into text field 'xpath://input[@data-qa='address2']'.</msg>
<arg>xpath://input[@data-qa='address2']</arg>
<arg>${address2}</arg>
<doc>Types the given ``text`` into the text field identified by ``locator``.</doc>
<status status="PASS" start="2024-11-05T18:01:14.674809" elapsed="0.133941"/>
</kw>
<kw name="Click Element" owner="SeleniumLibrary">
<msg time="2024-11-05T18:01:14.809744" level="INFO">Clicking element 'xpath://*[@data-qa='country']'.</msg>
<arg>xpath://*[@data-qa='country']</arg>
<doc>Click the element identified by ``locator``.</doc>
<status status="PASS" start="2024-11-05T18:01:14.809744" elapsed="0.081678"/>
</kw>
<kw name="Click Element" owner="SeleniumLibrary">
<msg time="2024-11-05T18:01:14.892597" level="INFO">Clicking element 'xpath://*[@data-qa='country']//*[text()='Australia']'.</msg>
<arg>xpath://*[@data-qa='country']//*[text()='Australia']</arg>
<doc>Click the element identified by ``locator``.</doc>
<status status="PASS" start="2024-11-05T18:01:14.892597" elapsed="0.107221"/>
</kw>
<kw name="Click Element" owner="SeleniumLibrary">
<msg time="2024-11-05T18:01:14.999818" level="INFO">Clicking element 'xpath://*[@data-qa='state']'.</msg>
<arg>xpath://*[@data-qa='state']</arg>
<doc>Click the element identified by ``locator``.</doc>
<status status="PASS" start="2024-11-05T18:01:14.999818" elapsed="0.155501"/>
</kw>
<kw name="Input Text" owner="SeleniumLibrary">
<msg time="2024-11-05T18:01:15.155319" level="INFO">Typing text 'Pays de la Loire' into text field 'xpath://input[@data-qa='state']'.</msg>
<arg>xpath://input[@data-qa='state']</arg>
<arg>${state}</arg>
<doc>Types the given ``text`` into the text field identified by ``locator``.</doc>
<status status="PASS" start="2024-11-05T18:01:15.155319" elapsed="0.156906"/>
</kw>
<kw name="Click Element" owner="SeleniumLibrary">
<msg time="2024-11-05T18:01:15.313398" level="INFO">Clicking element 'xpath://*[@data-qa='city']'.</msg>
<arg>xpath://*[@data-qa='city']</arg>
<doc>Click the element identified by ``locator``.</doc>
<status status="PASS" start="2024-11-05T18:01:15.313398" elapsed="0.074817"/>
</kw>
<kw name="Input Text" owner="SeleniumLibrary">
<msg time="2024-11-05T18:01:15.390248" level="INFO">Typing text 'Nantes' into text field 'xpath://input[@data-qa='city']'.</msg>
<arg>xpath://input[@data-qa='city']</arg>
<arg>${city}</arg>
<doc>Types the given ``text`` into the text field identified by ``locator``.</doc>
<status status="PASS" start="2024-11-05T18:01:15.389245" elapsed="0.163487"/>
</kw>
<kw name="Click Element" owner="SeleniumLibrary">
<msg time="2024-11-05T18:01:15.555081" level="INFO">Clicking element 'xpath://*[@data-qa='zipcode']'.</msg>
<arg>xpath://*[@data-qa='zipcode']</arg>
<doc>Click the element identified by ``locator``.</doc>
<status status="PASS" start="2024-11-05T18:01:15.553725" elapsed="0.085855"/>
</kw>
<kw name="Input Text" owner="SeleniumLibrary">
<msg time="2024-11-05T18:01:15.641570" level="INFO">Typing text '44300' into text field 'xpath://input[@data-qa='zipcode']'.</msg>
<arg>xpath://input[@data-qa='zipcode']</arg>
<arg>${zipcode}</arg>
<doc>Types the given ``text`` into the text field identified by ``locator``.</doc>
<status status="PASS" start="2024-11-05T18:01:15.640573" elapsed="0.163897"/>
</kw>
<kw name="Click Element" owner="SeleniumLibrary">
<msg time="2024-11-05T18:01:15.805467" level="INFO">Clicking element 'xpath://*[@data-qa='mobile_number']'.</msg>
<arg>xpath://*[@data-qa='mobile_number']</arg>
<doc>Click the element identified by ``locator``.</doc>
<status status="PASS" start="2024-11-05T18:01:15.804470" elapsed="0.062806"/>
</kw>
<kw name="Input Text" owner="SeleniumLibrary">
<msg time="2024-11-05T18:01:15.868273" level="INFO">Typing text '07 01 02 03 04' into text field 'xpath://input[@data-qa='mobile_number']'.</msg>
<arg>xpath://input[@data-qa='mobile_number']</arg>
<arg>${mobile_number}</arg>
<doc>Types the given ``text`` into the text field identified by ``locator``.</doc>
<status status="PASS" start="2024-11-05T18:01:15.868273" elapsed="0.127572"/>
</kw>
<kw name="Click Button" owner="SeleniumLibrary">
<msg time="2024-11-05T18:01:15.997841" level="INFO">Clicking button 'xpath://*[@data-qa='create-account']'.</msg>
<arg>xpath://*[@data-qa='create-account']</arg>
<doc>Clicks the button identified by ``locator``.</doc>
<status status="PASS" start="2024-11-05T18:01:15.996844" elapsed="2.007768"/>
</kw>
<kw name="Page Should Contain" owner="SeleniumLibrary">
<msg time="2024-11-05T18:01:18.688355" level="INFO" html="true">&lt;/td&gt;&lt;/tr&gt;&lt;tr&gt;&lt;td colspan="3"&gt;&lt;a href="selenium-screenshot-17.png"&gt;&lt;img src="selenium-screenshot-17.png" width="800px"&gt;&lt;/a&gt;</msg>
<msg time="2024-11-05T18:01:18.688355" level="FAIL">Page should have contained text 'ACCOUNT CREATED!' but did not.</msg>
<arg>ACCOUNT CREATED!</arg>
<doc>Verifies that current page contains ``text``.</doc>
<status status="FAIL" start="2024-11-05T18:01:18.005870" elapsed="0.683483">Page should have contained text 'ACCOUNT CREATED!' but did not.</status>
</kw>
<kw name="Click Button" owner="SeleniumLibrary">
<arg>xpath://*[@data-qa='continue-button']</arg>
<doc>Clicks the button identified by ``locator``.</doc>
<status status="NOT RUN" start="2024-11-05T18:01:18.690444" elapsed="0.000000"/>
</kw>
<kw name="Page Should Contain" owner="SeleniumLibrary">
<arg>Logged in as ${last_name}</arg>
<doc>Verifies that current page contains ``text``.</doc>
<status status="NOT RUN" start="2024-11-05T18:01:18.690444" elapsed="0.000000"/>
</kw>
<kw name="Click Element" owner="SeleniumLibrary">
<arg>//*[@class='nav navbar-nav']/ancestor::div[@class='shop-menu pull-right']//a[contains(text(),'Delete Account')]</arg>
<doc>Click the element identified by ``locator``.</doc>
<status status="NOT RUN" start="2024-11-05T18:01:18.691447" elapsed="0.000000"/>
</kw>
<kw name="Page Should Contain" owner="SeleniumLibrary">
<arg>Account Deleted!</arg>
<doc>Verifies that current page contains ``text``.</doc>
<status status="NOT RUN" start="2024-11-05T18:01:18.691447" elapsed="0.000000"/>
</kw>
<kw name="Click Button" owner="SeleniumLibrary">
<arg>xpath://*[@data-qa='continue-button']</arg>
<doc>Clicks the button identified by ``locator``.</doc>
<status status="NOT RUN" start="2024-11-05T18:01:18.691447" elapsed="0.000000"/>
</kw>
<status status="FAIL" start="2024-11-05T18:01:04.234958" elapsed="14.456489">Page should have contained text 'ACCOUNT CREATED!' but did not.</status>
</test>
<test id="s1-t2" name="Test Case 2: Login User with correct email and password" line="130">
<kw name="Précondition" type="SETUP">
<kw name="Log" owner="BuiltIn">
<msg time="2024-11-05T18:01:18.693671" level="INFO">Lancer le navigateur et accéder à l'URL</msg>
<arg>Lancer le navigateur et accéder à l'URL</arg>
<doc>Logs the given message with the given level.</doc>
<status status="PASS" start="2024-11-05T18:01:18.693671" elapsed="0.000000"/>
</kw>
<kw name="Open Browser" owner="SeleniumLibrary">
<msg time="2024-11-05T18:01:18.693671" level="INFO">Opening browser 'chrome' to base url 'https://automationexercise.com/'.</msg>
<arg>${url}</arg>
<arg>${browser}</arg>
<doc>Opens a new browser instance to the optional ``url``.</doc>
<status status="PASS" start="2024-11-05T18:01:18.693671" elapsed="3.751113"/>
</kw>
<kw name="Click Button" owner="SeleniumLibrary">
<msg time="2024-11-05T18:01:22.446785" level="INFO">Clicking button '//*[@class="fc-button fc-cta-consent fc-primary-button"]'.</msg>
<arg>//*[@class="fc-button fc-cta-consent fc-primary-button"]</arg>
<doc>Clicks the button identified by ``locator``.</doc>
<status status="PASS" start="2024-11-05T18:01:22.445790" elapsed="0.432712"/>
</kw>
<kw name="Maximize Browser Window" owner="SeleniumLibrary">
<doc>Maximizes current browser window.</doc>
<status status="PASS" start="2024-11-05T18:01:22.879494" elapsed="0.074311"/>
</kw>
<status status="PASS" start="2024-11-05T18:01:18.692675" elapsed="4.262131"/>
</kw>
<kw name="Click Element" owner="SeleniumLibrary">
<msg time="2024-11-05T18:01:22.957811" level="INFO">Clicking element '//*[@class='nav navbar-nav']/ancestor::div[@class='shop-menu pull-right']//a[contains(text(),'Signup / Login')]'.</msg>
<arg>//*[@class='nav navbar-nav']/ancestor::div[@class='shop-menu pull-right']//a[contains(text(),'Signup / Login')]</arg>
<doc>Click the element identified by ``locator``.</doc>
<status status="PASS" start="2024-11-05T18:01:22.956814" elapsed="1.225614"/>
</kw>
<kw name="Wait Until Page Contains" owner="SeleniumLibrary">
<arg>Login to your account</arg>
<doc>Waits until ``text`` appears on the current page.</doc>
<status status="PASS" start="2024-11-05T18:01:24.183431" elapsed="0.225247"/>
</kw>
<kw name="Click Element" owner="SeleniumLibrary">
<msg time="2024-11-05T18:01:24.409668" level="INFO">Clicking element 'xpath://*[@data-qa='login-email']'.</msg>
<arg>xpath://*[@data-qa='login-email']</arg>
<doc>Click the element identified by ``locator``.</doc>
<status status="PASS" start="2024-11-05T18:01:24.408678" elapsed="0.132471"/>
</kw>
<kw name="Input Text" owner="SeleniumLibrary">
<msg time="2024-11-05T18:01:24.543180" level="INFO">Typing text 'toto0102@gmail.com' into text field 'xpath://input[@data-qa='login-email']'.</msg>
<arg>xpath://input[@data-qa='login-email']</arg>
<arg>${login-email}</arg>
<doc>Types the given ``text`` into the text field identified by ``locator``.</doc>
<status status="PASS" start="2024-11-05T18:01:24.542181" elapsed="0.566971"/>
</kw>
<kw name="Click Element" owner="SeleniumLibrary">
<msg time="2024-11-05T18:01:25.111148" level="INFO">Clicking element 'xpath://*[@data-qa='login-password']'.</msg>
<arg>xpath://*[@data-qa='login-password']</arg>
<doc>Click the element identified by ``locator``.</doc>
<status status="PASS" start="2024-11-05T18:01:25.110150" elapsed="0.118482"/>
</kw>
<kw name="Input Text" owner="SeleniumLibrary">
<msg time="2024-11-05T18:01:25.231222" level="INFO">Typing text 'toto' into text field 'xpath://input[@data-qa='login-password']'.</msg>
<arg>xpath://input[@data-qa='login-password']</arg>
<arg>${login-password}</arg>
<doc>Types the given ``text`` into the text field identified by ``locator``.</doc>
<status status="PASS" start="2024-11-05T18:01:25.229629" elapsed="0.148681"/>
</kw>
<kw name="Click Button" owner="SeleniumLibrary">
<msg time="2024-11-05T18:01:25.379306" level="INFO">Clicking button 'xpath://input[@data-qa='login-button']'.</msg>
<msg time="2024-11-05T18:01:25.637722" level="INFO" html="true">&lt;/td&gt;&lt;/tr&gt;&lt;tr&gt;&lt;td colspan="3"&gt;&lt;a href="selenium-screenshot-18.png"&gt;&lt;img src="selenium-screenshot-18.png" width="800px"&gt;&lt;/a&gt;</msg>
<msg time="2024-11-05T18:01:25.638720" level="FAIL">Button with locator 'xpath://input[@data-qa='login-button']' not found.</msg>
<arg>xpath://input[@data-qa='login-button']</arg>
<doc>Clicks the button identified by ``locator``.</doc>
<status status="FAIL" start="2024-11-05T18:01:25.379306" elapsed="0.260416">Button with locator 'xpath://input[@data-qa='login-button']' not found.</status>
</kw>
<kw name="Page Should Contain" owner="SeleniumLibrary">
<arg>Logged in as username</arg>
<doc>Verifies that current page contains ``text``.</doc>
<status status="NOT RUN" start="2024-11-05T18:01:25.641240" elapsed="0.000000"/>
</kw>
<status status="FAIL" start="2024-11-05T18:01:18.692675" elapsed="6.948565">Button with locator 'xpath://input[@data-qa='login-button']' not found.</status>
</test>
<kw name="Close Browser" owner="SeleniumLibrary" type="TEARDOWN">
<doc>Closes the current browser.</doc>
<status status="PASS" start="2024-11-05T18:01:25.644259" elapsed="2.323403"/>
</kw>
<status status="FAIL" start="2024-11-05T18:01:03.949977" elapsed="24.017685"/>
</suite>
<statistics>
<total>
<stat pass="0" fail="2" skip="0">All Tests</stat>
</total>
<tag>
</tag>
<suite>
<stat pass="0" fail="2" skip="0" id="s1" name="testCases automationExercices">testCases automationExercices</stat>
</suite>
</statistics>
<errors>
</errors>
</robot>
